{"C:\\Users\\Dell\\Desktop\\Marm\\login-screen-trial\\server\\index.js": {"path":"C:\\Users\\Dell\\Desktop\\Marm\\login-screen-trial\\server\\index.js","statementMap":{"0":{"start":{"line":1,"column":16},"end":{"line":1,"column":34}},"1":{"start":{"line":2,"column":17},"end":{"line":2,"column":36}},"2":{"start":{"line":3,"column":13},"end":{"line":3,"column":28}},"3":{"start":{"line":4,"column":0},"end":{"line":4,"column":27}},"4":{"start":{"line":6,"column":19},"end":{"line":6,"column":49}},"5":{"start":{"line":8,"column":12},"end":{"line":8,"column":21}},"6":{"start":{"line":9,"column":13},"end":{"line":9,"column":37}},"7":{"start":{"line":10,"column":18},"end":{"line":10,"column":78}},"8":{"start":{"line":13,"column":0},"end":{"line":13,"column":16}},"9":{"start":{"line":14,"column":0},"end":{"line":14,"column":24}},"10":{"start":{"line":17,"column":0},"end":{"line":17,"column":33}},"11":{"start":{"line":20,"column":0},"end":{"line":22,"column":3}},"12":{"start":{"line":21,"column":2},"end":{"line":21,"column":59}},"13":{"start":{"line":25,"column":20},"end":{"line":39,"column":1}},"14":{"start":{"line":26,"column":2},"end":{"line":38,"column":3}},"15":{"start":{"line":27,"column":4},"end":{"line":27,"column":38}},"16":{"start":{"line":28,"column":4},"end":{"line":28,"column":54}},"17":{"start":{"line":29,"column":4},"end":{"line":31,"column":7}},"18":{"start":{"line":30,"column":6},"end":{"line":30,"column":54}},"19":{"start":{"line":33,"column":4},"end":{"line":33,"column":52}},"20":{"start":{"line":35,"column":4},"end":{"line":37,"column":7}},"21":{"start":{"line":36,"column":6},"end":{"line":36,"column":77}},"22":{"start":{"line":41,"column":0},"end":{"line":43,"column":1}},"23":{"start":{"line":42,"column":2},"end":{"line":42,"column":16}},"24":{"start":{"line":45,"column":0},"end":{"line":45,"column":38}}},"fnMap":{"0":{"name":"(anonymous_0)","decl":{"start":{"line":20,"column":23},"end":{"line":20,"column":24}},"loc":{"start":{"line":20,"column":37},"end":{"line":22,"column":1}},"line":20},"1":{"name":"(anonymous_1)","decl":{"start":{"line":25,"column":20},"end":{"line":25,"column":21}},"loc":{"start":{"line":25,"column":32},"end":{"line":39,"column":1}},"line":25},"2":{"name":"(anonymous_2)","decl":{"start":{"line":29,"column":21},"end":{"line":29,"column":22}},"loc":{"start":{"line":29,"column":27},"end":{"line":31,"column":5}},"line":29},"3":{"name":"(anonymous_3)","decl":{"start":{"line":35,"column":21},"end":{"line":35,"column":22}},"loc":{"start":{"line":35,"column":27},"end":{"line":37,"column":5}},"line":35}},"branchMap":{"0":{"loc":{"start":{"line":9,"column":13},"end":{"line":9,"column":37}},"type":"binary-expr","locations":[{"start":{"line":9,"column":13},"end":{"line":9,"column":29}},{"start":{"line":9,"column":33},"end":{"line":9,"column":37}}],"line":9},"1":{"loc":{"start":{"line":10,"column":18},"end":{"line":10,"column":78}},"type":"binary-expr","locations":[{"start":{"line":10,"column":18},"end":{"line":10,"column":39}},{"start":{"line":10,"column":43},"end":{"line":10,"column":78}}],"line":10},"2":{"loc":{"start":{"line":41,"column":0},"end":{"line":43,"column":1}},"type":"if","locations":[{"start":{"line":41,"column":0},"end":{"line":43,"column":1}},{"start":{},"end":{}}],"line":41}},"s":{"0":1,"1":1,"2":1,"3":1,"4":1,"5":1,"6":1,"7":1,"8":1,"9":1,"10":1,"11":1,"12":1,"13":1,"14":0,"15":0,"16":0,"17":0,"18":0,"19":0,"20":0,"21":0,"22":1,"23":0,"24":1},"f":{"0":1,"1":0,"2":0,"3":0},"b":{"0":[1,0],"1":[1,0],"2":[0,1]},"_coverageSchema":"1a1c01bbd47fc00a2c39e90264f33305004495a9","hash":"a41d410c3a1c9f6a0c8bc9c08fa37127087acf83"}
,"C:\\Users\\Dell\\Desktop\\Marm\\login-screen-trial\\server\\controllers\\authController.js": {"path":"C:\\Users\\Dell\\Desktop\\Marm\\login-screen-trial\\server\\controllers\\authController.js","statementMap":{"0":{"start":{"line":1,"column":13},"end":{"line":1,"column":38}},"1":{"start":{"line":2,"column":15},"end":{"line":2,"column":34}},"2":{"start":{"line":4,"column":21},"end":{"line":16,"column":1}},"3":{"start":{"line":5,"column":18},"end":{"line":5,"column":36}},"4":{"start":{"line":6,"column":17},"end":{"line":6,"column":41}},"5":{"start":{"line":8,"column":2},"end":{"line":15,"column":4}},"6":{"start":{"line":18,"column":28},"end":{"line":33,"column":1}},"7":{"start":{"line":19,"column":2},"end":{"line":21,"column":3}},"8":{"start":{"line":20,"column":4},"end":{"line":20,"column":57}},"9":{"start":{"line":23,"column":26},"end":{"line":23,"column":52}},"10":{"start":{"line":24,"column":2},"end":{"line":26,"column":3}},"11":{"start":{"line":25,"column":4},"end":{"line":25,"column":46}},"12":{"start":{"line":28,"column":2},"end":{"line":30,"column":3}},"13":{"start":{"line":29,"column":4},"end":{"line":29,"column":69}},"14":{"start":{"line":32,"column":2},"end":{"line":32,"column":46}},"15":{"start":{"line":36,"column":0},"end":{"line":72,"column":2}},"16":{"start":{"line":37,"column":2},"end":{"line":71,"column":3}},"17":{"start":{"line":38,"column":24},"end":{"line":38,"column":53}},"18":{"start":{"line":39,"column":4},"end":{"line":41,"column":5}},"19":{"start":{"line":40,"column":6},"end":{"line":40,"column":66}},"20":{"start":{"line":42,"column":32},"end":{"line":42,"column":43}},"21":{"start":{"line":44,"column":25},"end":{"line":44,"column":54}},"22":{"start":{"line":45,"column":4},"end":{"line":47,"column":5}},"23":{"start":{"line":46,"column":6},"end":{"line":46,"column":79}},"24":{"start":{"line":50,"column":17},"end":{"line":50,"column":41}},"25":{"start":{"line":51,"column":27},"end":{"line":51,"column":60}},"26":{"start":{"line":54,"column":20},"end":{"line":57,"column":6}},"27":{"start":{"line":59,"column":4},"end":{"line":59,"column":25}},"28":{"start":{"line":61,"column":4},"end":{"line":67,"column":7}},"29":{"start":{"line":69,"column":4},"end":{"line":69,"column":44}},"30":{"start":{"line":70,"column":4},"end":{"line":70,"column":104}},"31":{"start":{"line":75,"column":0},"end":{"line":105,"column":2}},"32":{"start":{"line":76,"column":2},"end":{"line":104,"column":3}},"33":{"start":{"line":77,"column":24},"end":{"line":77,"column":53}},"34":{"start":{"line":78,"column":4},"end":{"line":80,"column":5}},"35":{"start":{"line":79,"column":6},"end":{"line":79,"column":66}},"36":{"start":{"line":81,"column":32},"end":{"line":81,"column":43}},"37":{"start":{"line":83,"column":17},"end":{"line":83,"column":46}},"38":{"start":{"line":84,"column":4},"end":{"line":86,"column":5}},"39":{"start":{"line":85,"column":6},"end":{"line":85,"column":87}},"40":{"start":{"line":89,"column":20},"end":{"line":89,"column":65}},"41":{"start":{"line":90,"column":4},"end":{"line":92,"column":5}},"42":{"start":{"line":91,"column":6},"end":{"line":91,"column":91}},"43":{"start":{"line":94,"column":4},"end":{"line":100,"column":7}},"44":{"start":{"line":102,"column":4},"end":{"line":102,"column":41}},"45":{"start":{"line":103,"column":4},"end":{"line":103,"column":97}}},"fnMap":{"0":{"name":"(anonymous_0)","decl":{"start":{"line":4,"column":21},"end":{"line":4,"column":22}},"loc":{"start":{"line":4,"column":32},"end":{"line":16,"column":1}},"line":4},"1":{"name":"(anonymous_1)","decl":{"start":{"line":18,"column":28},"end":{"line":18,"column":29}},"loc":{"start":{"line":18,"column":53},"end":{"line":33,"column":1}},"line":18},"2":{"name":"(anonymous_2)","decl":{"start":{"line":36,"column":19},"end":{"line":36,"column":20}},"loc":{"start":{"line":36,"column":39},"end":{"line":72,"column":1}},"line":36},"3":{"name":"(anonymous_3)","decl":{"start":{"line":75,"column":16},"end":{"line":75,"column":17}},"loc":{"start":{"line":75,"column":36},"end":{"line":105,"column":1}},"line":75}},"branchMap":{"0":{"loc":{"start":{"line":9,"column":4},"end":{"line":14,"column":25}},"type":"binary-expr","locations":[{"start":{"line":9,"column":4},"end":{"line":9,"column":15}},{"start":{"line":10,"column":4},"end":{"line":10,"column":38}},{"start":{"line":11,"column":4},"end":{"line":11,"column":24}},{"start":{"line":12,"column":4},"end":{"line":12,"column":24}},{"start":{"line":13,"column":4},"end":{"line":13,"column":27}},{"start":{"line":14,"column":4},"end":{"line":14,"column":25}}],"line":9},"1":{"loc":{"start":{"line":19,"column":2},"end":{"line":21,"column":3}},"type":"if","locations":[{"start":{"line":19,"column":2},"end":{"line":21,"column":3}},{"start":{},"end":{}}],"line":19},"2":{"loc":{"start":{"line":19,"column":6},"end":{"line":19,"column":25}},"type":"binary-expr","locations":[{"start":{"line":19,"column":6},"end":{"line":19,"column":12}},{"start":{"line":19,"column":16},"end":{"line":19,"column":25}}],"line":19},"3":{"loc":{"start":{"line":24,"column":2},"end":{"line":26,"column":3}},"type":"if","locations":[{"start":{"line":24,"column":2},"end":{"line":26,"column":3}},{"start":{},"end":{}}],"line":24},"4":{"loc":{"start":{"line":28,"column":2},"end":{"line":30,"column":3}},"type":"if","locations":[{"start":{"line":28,"column":2},"end":{"line":30,"column":3}},{"start":{},"end":{}}],"line":28},"5":{"loc":{"start":{"line":39,"column":4},"end":{"line":41,"column":5}},"type":"if","locations":[{"start":{"line":39,"column":4},"end":{"line":41,"column":5}},{"start":{},"end":{}}],"line":39},"6":{"loc":{"start":{"line":45,"column":4},"end":{"line":47,"column":5}},"type":"if","locations":[{"start":{"line":45,"column":4},"end":{"line":47,"column":5}},{"start":{},"end":{}}],"line":45},"7":{"loc":{"start":{"line":78,"column":4},"end":{"line":80,"column":5}},"type":"if","locations":[{"start":{"line":78,"column":4},"end":{"line":80,"column":5}},{"start":{},"end":{}}],"line":78},"8":{"loc":{"start":{"line":84,"column":4},"end":{"line":86,"column":5}},"type":"if","locations":[{"start":{"line":84,"column":4},"end":{"line":86,"column":5}},{"start":{},"end":{}}],"line":84},"9":{"loc":{"start":{"line":90,"column":4},"end":{"line":92,"column":5}},"type":"if","locations":[{"start":{"line":90,"column":4},"end":{"line":92,"column":5}},{"start":{},"end":{}}],"line":90}},"s":{"0":1,"1":1,"2":1,"3":6,"4":6,"5":6,"6":1,"7":6,"8":0,"9":6,"10":6,"11":1,"12":5,"13":0,"14":5,"15":1,"16":3,"17":3,"18":3,"19":1,"20":2,"21":2,"22":2,"23":1,"24":1,"25":1,"26":1,"27":1,"28":1,"29":0,"30":0,"31":1,"32":3,"33":3,"34":3,"35":0,"36":3,"37":3,"38":3,"39":1,"40":2,"41":2,"42":1,"43":1,"44":0,"45":0},"f":{"0":6,"1":6,"2":3,"3":3},"b":{"0":[6,5,5,5,5,5],"1":[0,6],"2":[6,6],"3":[1,5],"4":[0,5],"5":[1,2],"6":[1,1],"7":[0,3],"8":[1,2],"9":[1,1]},"_coverageSchema":"1a1c01bbd47fc00a2c39e90264f33305004495a9","hash":"0b204597bd3c05c589fbadab02f2ef147ed199cf"}
,"C:\\Users\\Dell\\Desktop\\Marm\\login-screen-trial\\server\\routes\\authRoutes.js": {"path":"C:\\Users\\Dell\\Desktop\\Marm\\login-screen-trial\\server\\routes\\authRoutes.js","statementMap":{"0":{"start":{"line":1,"column":16},"end":{"line":1,"column":34}},"1":{"start":{"line":2,"column":15},"end":{"line":2,"column":31}},"2":{"start":{"line":3,"column":28},"end":{"line":3,"column":68}},"3":{"start":{"line":5,"column":0},"end":{"line":5,"column":35}},"4":{"start":{"line":6,"column":0},"end":{"line":6,"column":29}},"5":{"start":{"line":8,"column":0},"end":{"line":8,"column":24}}},"fnMap":{},"branchMap":{},"s":{"0":1,"1":1,"2":1,"3":1,"4":1,"5":1},"f":{},"b":{},"_coverageSchema":"1a1c01bbd47fc00a2c39e90264f33305004495a9","hash":"732a6458692d6e9e4e7b9f16e47519331bfb76f1"}
}
