TN:
SF:index.js
FN:20,(anonymous_0)
FN:25,(anonymous_1)
FN:29,(anonymous_2)
FN:35,(anonymous_3)
FNF:4
FNH:1
FNDA:1,(anonymous_0)
FNDA:0,(anonymous_1)
FNDA:0,(anonymous_2)
FNDA:0,(anonymous_3)
DA:1,1
DA:2,1
DA:3,1
DA:4,1
DA:6,1
DA:8,1
DA:9,1
DA:10,1
DA:13,1
DA:14,1
DA:17,1
DA:20,1
DA:21,1
DA:25,1
DA:26,0
DA:27,0
DA:28,0
DA:29,0
DA:30,0
DA:33,0
DA:35,0
DA:36,0
DA:41,1
DA:42,0
DA:45,1
LF:25
LH:16
BRDA:9,0,0,1
BRDA:9,0,1,0
BRDA:10,1,0,1
BRDA:10,1,1,0
BRDA:41,2,0,0
BRDA:41,2,1,1
BRF:6
BRH:3
end_of_record
TN:
SF:controllers\authController.js
FN:4,(anonymous_0)
FN:18,(anonymous_1)
FN:36,(anonymous_2)
FN:75,(anonymous_3)
FNF:4
FNH:4
FNDA:6,(anonymous_0)
FNDA:6,(anonymous_1)
FNDA:3,(anonymous_2)
FNDA:3,(anonymous_3)
DA:1,1
DA:2,1
DA:4,1
DA:5,6
DA:6,6
DA:8,6
DA:18,1
DA:19,6
DA:20,0
DA:23,6
DA:24,6
DA:25,1
DA:28,5
DA:29,0
DA:32,5
DA:36,1
DA:37,3
DA:38,3
DA:39,3
DA:40,1
DA:42,2
DA:44,2
DA:45,2
DA:46,1
DA:50,1
DA:51,1
DA:54,1
DA:59,1
DA:61,1
DA:69,0
DA:70,0
DA:75,1
DA:76,3
DA:77,3
DA:78,3
DA:79,0
DA:81,3
DA:83,3
DA:84,3
DA:85,1
DA:89,2
DA:90,2
DA:91,1
DA:94,1
DA:102,0
DA:103,0
LF:46
LH:39
BRDA:9,0,0,6
BRDA:9,0,1,5
BRDA:9,0,2,5
BRDA:9,0,3,5
BRDA:9,0,4,5
BRDA:9,0,5,5
BRDA:19,1,0,0
BRDA:19,1,1,6
BRDA:19,2,0,6
BRDA:19,2,1,6
BRDA:24,3,0,1
BRDA:24,3,1,5
BRDA:28,4,0,0
BRDA:28,4,1,5
BRDA:39,5,0,1
BRDA:39,5,1,2
BRDA:45,6,0,1
BRDA:45,6,1,1
BRDA:78,7,0,0
BRDA:78,7,1,3
BRDA:84,8,0,1
BRDA:84,8,1,2
BRDA:90,9,0,1
BRDA:90,9,1,1
BRF:24
BRH:21
end_of_record
TN:
SF:routes\authRoutes.js
FNF:0
FNH:0
DA:1,1
DA:2,1
DA:3,1
DA:5,1
DA:6,1
DA:8,1
LF:6
LH:6
BRF:0
BRH:0
end_of_record
