TN:
SF:src\App.jsx
FN:22,App
FN:42,handleTabChange
FN:65,onClick
FN:86,onSwitchToRegister
FN:87,onSwitchToLogin
FNF:5
FNH:5
FNDA:7,App
FNDA:1,handleTabChange
FNDA:1,onClick
FNDA:1,onSwitchToRegister
FNDA:1,onSwitchToLogin
DA:1,1
DA:22,7
DA:23,7
DA:24,7
DA:26,7
DA:27,7
DA:28,4
DA:29,4
DA:30,4
DA:31,4
DA:32,4
DA:33,4
DA:34,4
DA:35,4
DA:36,4
DA:37,4
DA:38,4
DA:39,7
DA:40,7
DA:42,7
DA:43,1
DA:44,1
DA:46,7
DA:47,7
DA:48,7
DA:49,7
DA:50,7
DA:51,7
DA:52,7
DA:53,7
DA:54,7
DA:55,7
DA:56,7
DA:57,7
DA:58,7
DA:60,7
DA:61,7
DA:62,7
DA:63,7
DA:64,7
DA:65,7
DA:66,7
DA:68,7
DA:69,7
DA:70,7
DA:71,7
DA:72,7
DA:73,7
DA:74,7
DA:76,7
DA:77,7
DA:79,7
DA:80,7
DA:81,7
DA:82,7
DA:83,7
DA:84,7
DA:86,7
DA:87,7
DA:88,7
DA:89,7
DA:90,7
DA:92,7
LF:63
LH:63
BRDA:22,0,0,7
BRDA:62,1,0,6
BRDA:62,2,0,1
BRDA:64,3,0,6
BRDA:64,4,0,1
BRDA:68,5,0,6
BRDA:68,6,0,1
BRDA:86,7,0,4
BRDA:87,8,0,3
BRDA:27,9,0,4
BRDA:42,10,0,1
BRDA:65,11,0,1
BRDA:65,12,0,1
BRDA:65,13,0,0
BRDA:86,14,0,1
BRDA:87,15,0,1
BRF:16
BRH:15
end_of_record
TN:
SF:src\App.test.jsx
FNF:0
FNH:0
DA:1,1
DA:2,1
DA:3,1
DA:4,1
DA:6,1
DA:7,1
DA:8,1
DA:9,1
DA:11,1
DA:12,1
DA:13,1
DA:15,1
DA:16,1
DA:17,1
DA:18,1
DA:20,1
DA:21,1
DA:22,1
DA:24,1
DA:25,1
DA:26,1
DA:27,1
DA:28,1
DA:30,1
DA:31,1
DA:32,1
DA:33,1
DA:34,1
DA:35,1
DA:36,1
LF:30
LH:30
BRDA:6,0,0,1
BRDA:7,1,0,1
BRDA:20,2,0,1
BRDA:30,3,0,1
BRF:4
BRH:4
end_of_record
TN:
SF:src\components\AuthForms.test.jsx
FNF:0
FNH:0
DA:1,1
DA:4,1
DA:10,1
DA:11,1
DA:12,1
DA:13,1
DA:15,1
DA:17,1
DA:18,1
DA:19,1
DA:20,1
DA:22,1
DA:23,1
DA:24,1
DA:25,1
DA:27,1
DA:28,1
DA:29,1
DA:31,1
DA:32,1
DA:33,1
DA:34,1
DA:35,1
DA:36,1
DA:38,1
DA:39,1
DA:40,1
DA:41,1
DA:43,1
DA:44,1
DA:45,1
DA:46,1
DA:47,1
DA:48,1
DA:49,1
DA:51,1
DA:52,1
DA:54,1
DA:55,1
DA:56,1
DA:57,1
DA:59,1
DA:60,1
DA:61,1
DA:62,1
DA:63,1
DA:65,1
DA:66,1
DA:67,1
DA:68,1
DA:69,1
LF:51
LH:51
BRDA:10,0,0,1
BRDA:11,1,0,1
BRDA:22,2,0,1
BRDA:31,3,0,1
BRDA:38,4,0,1
BRDA:54,5,0,1
BRF:6
BRH:6
end_of_record
TN:
SF:src\components\Login.jsx
FN:19,Login
FN:68,onChange
FN:83,onChange
FN:91,onClick
FN:106,onChange
FNF:5
FNH:4
FNDA:67,Login
FNDA:32,onChange
FNDA:22,onChange
FNDA:1,onClick
FNDA:0,onChange
DA:1,1
DA:19,67
DA:20,67
DA:21,67
DA:22,67
DA:23,67
DA:24,67
DA:25,67
DA:26,67
DA:27,67
DA:28,67
DA:29,67
DA:30,67
DA:31,67
DA:32,67
DA:33,67
DA:34,67
DA:35,67
DA:36,67
DA:37,67
DA:38,67
DA:40,67
DA:41,67
DA:42,67
DA:44,67
DA:46,67
DA:47,1
DA:48,1
DA:49,1
DA:52,67
DA:53,1
DA:54,1
DA:55,1
DA:58,67
DA:59,67
DA:60,67
DA:61,67
DA:62,67
DA:63,67
DA:64,67
DA:65,67
DA:66,67
DA:67,67
DA:68,67
DA:69,67
DA:70,67
DA:71,67
DA:73,67
DA:74,67
DA:75,67
DA:76,67
DA:77,67
DA:78,67
DA:79,67
DA:80,67
DA:81,67
DA:82,67
DA:83,67
DA:84,67
DA:85,67
DA:86,67
DA:87,67
DA:88,67
DA:89,67
DA:90,67
DA:91,67
DA:92,67
DA:94,67
DA:95,67
DA:96,67
DA:98,67
DA:99,67
DA:102,67
DA:103,67
DA:104,67
DA:105,67
DA:106,67
DA:107,67
DA:108,67
DA:110,67
DA:111,67
DA:113,67
DA:114,67
DA:115,67
DA:116,67
DA:117,67
DA:118,67
DA:119,67
DA:121,67
DA:122,67
DA:124,67
DA:125,67
DA:126,67
DA:127,67
DA:129,67
DA:130,67
DA:131,67
DA:132,67
DA:134,67
DA:136,1
DA:137,1
DA:138,1
LF:102
LH:102
BRDA:19,0,0,67
BRDA:46,1,0,1
BRDA:52,2,0,1
BRDA:79,3,0,30
BRDA:79,4,0,37
BRDA:82,5,0,41
BRDA:85,6,0,66
BRDA:94,7,0,30
BRDA:94,8,0,37
BRDA:121,9,0,2
BRDA:121,10,0,65
BRDA:68,11,0,32
BRDA:83,12,0,22
BRDA:91,13,0,1
BRF:14
BRH:14
end_of_record
TN:
SF:src\components\Register.jsx
FN:19,Register
FN:68,onChange
FN:83,onChange
FN:91,onClick
FN:106,onChange
FNF:5
FNH:3
FNDA:32,Register
FNDA:15,onChange
FNDA:11,onChange
FNDA:0,onClick
FNDA:0,onChange
DA:1,1
DA:19,32
DA:20,32
DA:21,32
DA:22,32
DA:23,32
DA:24,32
DA:25,32
DA:26,32
DA:27,32
DA:28,32
DA:29,32
DA:30,32
DA:31,32
DA:32,32
DA:33,32
DA:34,32
DA:35,32
DA:36,32
DA:37,32
DA:38,32
DA:39,32
DA:41,32
DA:42,32
DA:43,32
DA:45,32
DA:47,32
DA:48,1
DA:49,1
DA:50,1
DA:53,32
DA:54,0
DA:55,0
DA:56,0
DA:59,32
DA:60,32
DA:61,32
DA:62,32
DA:63,32
DA:64,32
DA:65,32
DA:66,32
DA:67,32
DA:68,32
DA:69,32
DA:70,32
DA:71,32
DA:73,32
DA:74,32
DA:75,32
DA:76,32
DA:77,32
DA:78,32
DA:79,32
DA:80,32
DA:81,32
DA:82,32
DA:83,32
DA:84,32
DA:85,32
DA:86,32
DA:87,32
DA:88,32
DA:89,32
DA:90,32
DA:91,32
DA:92,32
DA:94,32
DA:95,32
DA:96,32
DA:98,32
DA:99,32
DA:102,32
DA:103,32
DA:104,32
DA:105,32
DA:106,32
DA:107,32
DA:108,32
DA:110,32
DA:111,32
DA:113,32
DA:114,32
DA:115,32
DA:116,32
DA:117,32
DA:118,32
DA:119,32
DA:121,32
DA:122,32
DA:124,32
DA:125,32
DA:126,32
DA:127,32
DA:129,32
DA:130,32
DA:131,32
DA:132,32
DA:134,32
DA:136,1
DA:137,1
DA:138,1
LF:102
LH:99
BRDA:19,0,0,32
BRDA:47,1,0,1
BRDA:53,2,0,0
BRDA:79,3,0,0
BRDA:82,4,0,20
BRDA:94,5,0,0
BRDA:121,6,0,1
BRDA:121,7,0,31
BRDA:68,8,0,15
BRDA:83,9,0,11
BRF:10
BRH:7
end_of_record
TN:
SF:src\hooks\useAuthForm.js
FN:4,isValidEmail
FN:18,useAuthForm
FN:33,validateForm
FN:52,handleSubmit
FNF:4
FNH:4
FNDA:3,isValidEmail
FNDA:99,useAuthForm
FNDA:4,validateForm
FNDA:4,handleSubmit
DA:1,1
DA:2,1
DA:3,1
DA:4,1
DA:5,3
DA:6,3
DA:7,3
DA:8,3
DA:9,3
DA:10,3
DA:11,3
DA:12,3
DA:13,3
DA:14,3
DA:15,3
DA:16,3
DA:17,1
DA:18,1
DA:19,99
DA:20,99
DA:21,99
DA:22,99
DA:23,99
DA:24,99
DA:25,99
DA:26,99
DA:27,99
DA:28,99
DA:29,99
DA:30,99
DA:31,99
DA:32,99
DA:33,99
DA:34,4
DA:35,4
DA:36,4
DA:37,1
DA:38,4
DA:39,0
DA:40,0
DA:41,4
DA:42,4
DA:43,1
DA:44,4
DA:45,0
DA:46,0
DA:47,4
DA:48,4
DA:49,4
DA:50,99
DA:51,99
DA:52,99
DA:53,4
DA:54,4
DA:55,4
DA:56,4
DA:57,4
DA:58,1
DA:59,1
DA:60,3
DA:61,3
DA:62,3
DA:63,3
DA:64,4
DA:65,4
DA:66,1
DA:67,1
DA:68,1
DA:69,2
DA:70,4
DA:71,1
DA:72,1
DA:73,4
DA:74,3
DA:75,3
DA:76,99
DA:77,99
DA:78,99
DA:79,99
DA:80,99
DA:81,99
DA:82,99
DA:83,99
DA:84,99
DA:85,99
DA:86,99
DA:87,99
DA:88,99
DA:89,99
DA:90,99
DA:91,99
LF:91
LH:87
BRDA:4,0,0,3
BRDA:18,1,0,99
BRDA:33,2,0,4
BRDA:36,3,0,1
BRDA:38,4,0,3
BRDA:38,5,0,0
BRDA:42,6,0,1
BRDA:44,7,0,3
BRDA:44,8,0,0
BRDA:52,9,0,4
BRDA:57,10,0,1
BRDA:60,11,0,3
BRDA:64,12,0,2
BRDA:64,13,0,1
BRDA:65,14,0,1
BRDA:69,15,0,2
BRDA:70,16,0,1
BRDA:71,17,0,0
BRDA:73,18,0,3
BRF:19
BRH:16
end_of_record
